<?xml version="1.0" encoding="UTF-8"?>
<!-- Generated by org.testng.reporters.JUnitReportReporter -->
<testsuite hostname="DESKTOP-SNC7HQI" failures="0" tests="8" name="sample_Repo.Program2" time="0.044" errors="0" timestamp="2024-07-23T11:45:59 IST" skipped="0">
  <testcase classname="sample_Repo.Program2" name="createUser" time="0.016"/>
  <system-out/>
  <testcase classname="sample_Repo.Program2" name="createUser" time="0.002"/>
  <system-out/>
  <testcase classname="sample_Repo.Program2" name="createUser" time="0.003"/>
  <system-out/>
  <testcase classname="sample_Repo.Program2" name="createUser" time="0.002"/>
  <system-out/>
  <testcase classname="sample_Repo.Program2" name="createUser" time="0.002"/>
  <system-out/>
  <testcase classname="sample_Repo.Program2" name="DeleteUser" time="0.005"/>
  <system-out/>
  <testcase classname="sample_Repo.Program2" name="DeleteUser" time="0.008"/>
  <system-out/>
  <testcase classname="sample_Repo.Program2" name="DeleteUser" time="0.006"/>
  <system-out/>
</testsuite> <!-- sample_Repo.Program2 -->
