<?xml version="1.0" encoding="UTF-8"?>
<!-- Generated by org.testng.reporters.JUnitReportReporter -->
<testsuite hostname="DESKTOP-SNC7HQI" failures="0" tests="1" name="Tc_repository.ORG_01" time="18.844" errors="0" timestamp="2024-07-29T23:04:37 IST" skipped="0">
  <testcase classname="Tc_repository.ORG_01" name="org_01" time="18.844"/>
  <system-out/>
</testsuite> <!-- Tc_repository.ORG_01 -->
