<?xml version="1.0" encoding="UTF-8"?>
<!-- Generated by org.testng.reporters.JUnitReportReporter -->
<testsuite hostname="DESKTOP-SNC7HQI" failures="0" tests="2" name="sample_Repo.Program5" time="0.026" errors="0" timestamp="2024-07-27T11:47:38 IST" skipped="0">
  <testcase classname="sample_Repo.Program5" name="strictLevelComparison" time="0.005"/>
  <system-out/>
  <testcase classname="sample_Repo.Program5" name="containsLevel" time="0.021"/>
  <system-out/>
</testsuite> <!-- sample_Repo.Program5 -->
