<?xml version="1.0" encoding="UTF-8"?>
<!-- Generated by org.testng.reporters.JUnitReportReporter -->
<testsuite hostname="DESKTOP-SNC7HQI" failures="0" tests="1" name="sampleTestNGprograms.HardAssertProgram" time="0.021" errors="0" timestamp="2024-03-14T08:37:34 IST" skipped="0">
  <testcase classname="sampleTestNGprograms.HardAssertProgram" name="hardAssertContainsLevelComparison" time="0.021"/>
  <system-out/>
</testsuite> <!-- sampleTestNGprograms.HardAssertProgram -->
