<?xml version="1.0" encoding="UTF-8"?>
<!-- Generated by org.testng.reporters.JUnitReportReporter -->
<testsuite hostname="DESKTOP-SNC7HQI" failures="0" tests="1" name="Tc_repository.LE_04" time="23.066" errors="0" timestamp="2024-07-30T12:21:52 IST" skipped="0">
  <testcase classname="Tc_repository.LE_04" name="le04Tc" time="23.066"/>
  <system-out/>
</testsuite> <!-- Tc_repository.LE_04 -->
