<?xml version="1.0" encoding="UTF-8"?>
<!-- Generated by org.testng.reporters.JUnitReportReporter -->
<testsuite hostname="DESKTOP-SNC7HQI" failures="0" tests="2" name="sample_Repo.Program4" time="0.020" errors="0" timestamp="2024-07-25T12:05:04 IST" skipped="0">
  <testcase classname="sample_Repo.Program4" name="containsLevel" time="0.017"/>
  <system-out/>
  <testcase classname="sample_Repo.Program4" name="strictLevelComparison" time="0.003"/>
  <system-out/>
</testsuite> <!-- sample_Repo.Program4 -->
