<?xml version="1.0" encoding="UTF-8"?>
<!-- Generated by org.testng.reporters.JUnitReportReporter -->
<testsuite hostname="DESKTOP-SNC7HQI" failures="0" tests="3" name="sample_Repo.Program1" time="0.022" errors="0" timestamp="2024-07-22T12:47:20 IST" skipped="0">
  <testcase classname="sample_Repo.Program1" name="CreateUser" time="0.014"/>
  <system-out/>
  <testcase classname="sample_Repo.Program1" name="ModifyUser" time="0.001"/>
  <system-out/>
  <testcase classname="sample_Repo.Program1" name="DeleteUser" time="0.007"/>
  <system-out/>
</testsuite> <!-- sample_Repo.Program1 -->
