<?xml version="1.0" encoding="UTF-8"?>
<!-- Generated by org.testng.reporters.JUnitReportReporter -->
<testsuite hostname="DESKTOP-SNC7HQI" failures="0" tests="3" name="sampleTestNGprograms.Program3" time="0.023" errors="0" timestamp="2024-03-12T08:11:35 IST" skipped="0">
  <testcase classname="sampleTestNGprograms.Program3" name="createUser" time="0.013"/>
  <system-out/>
  <testcase classname="sampleTestNGprograms.Program3" name="modifyUser" time="0.004"/>
  <system-out>
    <![CDATA[this method depends on createUser!!]]>
  </system-out>
  <testcase classname="sampleTestNGprograms.Program3" name="deleteUser" time="0.006"/>
  <system-out/>
</testsuite> <!-- sampleTestNGprograms.Program3 -->
