<?xml version="1.0" encoding="UTF-8"?>
<!-- Generated by org.testng.reporters.JUnitReportReporter -->
<testsuite hostname="DESKTOP-SNC7HQI" failures="0" tests="1" name="Tc_repository.ORG_02" time="19.159" errors="0" timestamp="2024-07-29T23:05:16 IST" skipped="0">
  <testcase classname="Tc_repository.ORG_02" name="org_02" time="19.159"/>
  <system-out/>
</testsuite> <!-- Tc_repository.ORG_02 -->
