<?xml version="1.0" encoding="UTF-8"?>
<!-- Generated by org.testng.reporters.JUnitReportReporter -->
<testsuite hostname="DESKTOP-SNC7HQI" failures="0" tests="3" name="sampleTestNGprograms.Program1" time="0.019" errors="0" timestamp="2024-03-12T07:22:04 IST" skipped="0">
  <testcase classname="sampleTestNGprograms.Program1" name="modifyUser" time="0.002"/>
  <system-out/>
  <testcase classname="sampleTestNGprograms.Program1" name="deleteUser" time="0.003"/>
  <system-out/>
  <testcase classname="sampleTestNGprograms.Program1" name="createUser" time="0.014"/>
  <system-out/>
</testsuite> <!-- sampleTestNGprograms.Program1 -->
