<?xml version="1.0" encoding="UTF-8"?>
<!-- Generated by org.testng.reporters.JUnitReportReporter -->
<testsuite hostname="DESKTOP-SNC7HQI" failures="0" tests="3" name="sampleTestNGprograms.Program2" time="0.019" errors="0" timestamp="2024-03-12T08:05:22 IST" skipped="0">
  <testcase classname="sampleTestNGprograms.Program2" name="createUser" time="0.013"/>
  <system-out/>
  <testcase classname="sampleTestNGprograms.Program2" name="deleteUser" time="0.002"/>
  <system-out/>
  <testcase classname="sampleTestNGprograms.Program2" name="modifyUser" time="0.004"/>
  <system-out/>
</testsuite> <!-- sampleTestNGprograms.Program2 -->
