<?xml version="1.0" encoding="UTF-8"?>
<!-- Generated by org.testng.reporters.JUnitReportReporter -->
<testsuite hostname="DESKTOP-SNC7HQI" failures="0" tests="2" name="sample_Repo.Program3" time="0.018" errors="0" timestamp="2024-07-23T12:07:09 IST" skipped="0">
  <testcase classname="sample_Repo.Program3" name="createUser" time="0.015"/>
  <system-out/>
  <testcase classname="sample_Repo.Program3" name="ModifyUser" time="0.003"/>
  <system-out/>
</testsuite> <!-- sample_Repo.Program3 -->
